<?xml version="1.0" encoding="UTF-8"?>
<!-- Generated by org.testng.reporters.JUnitXMLReporter -->
<testsuite hostname="Clarence的战神" name="Default test" tests="5" failures="0" timestamp="18 Aug 2019 05:26:32 GMT" time="4.066" errors="0">
  <testcase name="TestNgLearn1" time="0.0" classname="com.selenium.testng01.NewTest"/>
  <testcase name="b" time="0.016" classname="com.selenium.testng01.NewTest"/>
  <testcase name="c" time="0.0" classname="com.selenium.testng01.NewTest"/>
  <testcase name="testThisShouldPass" time="4.015" classname="com.selenium.testng01.NewTest"/>
  <testcase name="TestNgLearn2" time="0.0" classname="com.selenium.testng01.NewTest"/>
</testsuite> <!-- Default test -->
