<?xml version="1.0" encoding="UTF-8"?>
<testsuite name="test"
           tests="5"
           failures="0"
           errors="0"
           skipped="0"
           time="4.079">
  <properties />
  
  
            <testcase name="b" time="0.016" classname="com.selenium.testng01.NewTest" />
                <testcase name="c" time="0.016" classname="com.selenium.testng01.NewTest" />
                <testcase name="TestNgLearn2" time="0.000" classname="com.selenium.testng01.NewTest" />
                <testcase name="TestNgLearn1" time="0.016" classname="com.selenium.testng01.NewTest" />
                <testcase name="testThisShouldPass" time="4.031" classname="com.selenium.testng01.NewTest" />
      
</testsuite>
